<?xml version="1.0" encoding="UTF-8"?>
<!-- Generated by org.testng.reporters.JUnitXMLReporter -->
<testsuite ignored="3" hostname="DESKTOP-9J3RMUU" failures="0" tests="1" name="Default test" time="16.157" errors="0" timestamp="2022-05-26T16:33:49 EDT">
  <testcase classname="actionClass.MouseOver" name="doubleClick" time="13.214"/>
  <testcase classname="actionClass.MouseOver" name="rightClick" time="0.0">
    <ignored/>
  </testcase> <!-- rightClick -->
  <testcase classname="actionClass.MouseOver" name="mouseOver" time="0.0">
    <ignored/>
  </testcase> <!-- mouseOver -->
  <testcase classname="actionClass.MouseOver" name="dragAndDrop" time="0.0">
    <ignored/>
  </testcase> <!-- dragAndDrop -->
</testsuite> <!-- Default test -->
