<?xml version="1.0" encoding="UTF-8"?>
<testng-results ignored="0" total="1" passed="1" failed="0" skipped="0">
  <reporter-output>
  </reporter-output>
  <suite started-at="2022-05-27T03:03:37 EDT" name="Default suite" finished-at="2022-05-27T03:03:58 EDT" duration-ms="20686">
    <groups>
    </groups>
    <test started-at="2022-05-27T03:03:37 EDT" name="Default test" finished-at="2022-05-27T03:03:58 EDT" duration-ms="20686">
      <class name="actionClass.DrangA">
        <test-method is-config="true" signature="beforeTest()[pri:0, instance:actionClass.DrangA@316bcf94]" started-at="2022-05-27T03:03:37 EDT" name="beforeTest" finished-at="2022-05-27T03:03:40 EDT" duration-ms="3162" status="PASS">
          <reporter-output>
          </reporter-output>
        </test-method> <!-- beforeTest -->
        <test-method signature="dragAndDrop()[pri:0, instance:actionClass.DrangA@316bcf94]" started-at="2022-05-27T03:03:40 EDT" name="dragAndDrop" finished-at="2022-05-27T03:03:58 EDT" duration-ms="17426" status="PASS">
          <reporter-output>
          </reporter-output>
        </test-method> <!-- dragAndDrop -->
      </class> <!-- actionClass.DrangA -->
    </test> <!-- Default test -->
  </suite> <!-- Default suite -->
</testng-results>
