<?xml version="1.0" encoding="UTF-8"?>
<testng-results ignored="3" total="4" passed="1" failed="0" skipped="0">
  <reporter-output>
  </reporter-output>
  <suite started-at="2022-05-26T16:33:33 EDT" name="Default suite" finished-at="2022-05-26T16:33:49 EDT" duration-ms="16157">
    <groups>
    </groups>
    <test started-at="2022-05-26T16:33:33 EDT" name="Default test" finished-at="2022-05-26T16:33:49 EDT" duration-ms="16157">
      <class name="actionClass.MouseOver">
        <test-method is-config="true" signature="beforeTest()[pri:0, instance:actionClass.MouseOver@1de5f259]" started-at="2022-05-26T16:33:33 EDT" name="beforeTest" finished-at="2022-05-26T16:33:36 EDT" duration-ms="2901" status="PASS">
          <reporter-output>
          </reporter-output>
        </test-method> <!-- beforeTest -->
        <test-method signature="doubleClick()[pri:0, instance:actionClass.MouseOver@1de5f259]" started-at="2022-05-26T16:33:36 EDT" name="doubleClick" finished-at="2022-05-26T16:33:49 EDT" duration-ms="13214" status="PASS">
          <reporter-output>
          </reporter-output>
        </test-method> <!-- doubleClick -->
      </class> <!-- actionClass.MouseOver -->
    </test> <!-- Default test -->
  </suite> <!-- Default suite -->
</testng-results>
